RUN	clients.LogInSimulation	loginsimulation	1626941744685	 	3.6.1
USER	LogInSimulation	START	1626941745608
REQUEST		Get start page	1626941745635	1626941745654	OK	 
REQUEST		favicon.ico	1626941745729	1626941745738	OK	 
REQUEST		hmrc-frontend-1.33.1.min.js	1626941745731	1626941745746	OK	 
REQUEST		hmrc-frontend-1.33.1.min.css	1626941745730	1626941745748	OK	 
REQUEST		Get login page	1626941745768	1626941745773	OK	 
REQUEST		favicon.ico	1626941745779	1626941745783	OK	 
REQUEST		hmrc-frontend-1.33.1.min.css	1626941745780	1626941745785	OK	 
REQUEST		hmrc-frontend-1.33.1.min.js	1626941745780	1626941745786	OK	 
REQUEST		Submit login details	1626941745791	1626941745809	OK	 
REQUEST		Submit agent	1626941745812	1626941745847	OK	 
REQUEST		hmrc-frontend-1.33.1.min.css	1626941745852	1626941745856	OK	 
REQUEST		hmrc-frontend-1.33.1.min.js	1626941745852	1626941745856	OK	 
REQUEST		favicon.ico	1626941745851	1626941745857	OK	 
REQUEST		Remove agent	1626941745858	1626941745880	OK	 
REQUEST		hmrc-frontend-1.33.1.min.css	1626941745885	1626941745888	OK	 
REQUEST		favicon.ico	1626941745884	1626941745889	OK	 
REQUEST		hmrc-frontend-1.33.1.min.js	1626941745885	1626941745890	OK	 
USER	LogInSimulation	END	1626941745893
