RUN	clients.LogInSimulation	loginsimulation	1626941781741	 	3.6.1
USER	LogInSimulation	START	1626941782556
REQUEST		Get start page	1626941782577	1626941782594	OK	 
REQUEST		favicon.ico	1626941782666	1626941782674	OK	 
REQUEST		hmrc-frontend-1.33.1.min.js	1626941782668	1626941782682	OK	 
REQUEST		hmrc-frontend-1.33.1.min.css	1626941782667	1626941782683	OK	 
REQUEST		Get login page	1626941782703	1626941782708	OK	 
REQUEST		favicon.ico	1626941782713	1626941782717	OK	 
REQUEST		hmrc-frontend-1.33.1.min.css	1626941782714	1626941782719	OK	 
REQUEST		hmrc-frontend-1.33.1.min.js	1626941782714	1626941782744	OK	 
REQUEST		Submit login details	1626941782749	1626941782766	OK	 
REQUEST		Submit agent	1626941782769	1626941782799	OK	 
REQUEST		favicon.ico	1626941782802	1626941782806	OK	 
REQUEST		hmrc-frontend-1.33.1.min.css	1626941782803	1626941782807	OK	 
REQUEST		hmrc-frontend-1.33.1.min.js	1626941782803	1626941782807	OK	 
REQUEST		Remove agent	1626941782808	1626941782827	OK	 
REQUEST		hmrc-frontend-1.33.1.min.css	1626941782830	1626941782833	OK	 
REQUEST		favicon.ico	1626941782830	1626941782834	OK	 
REQUEST		hmrc-frontend-1.33.1.min.js	1626941782831	1626941782844	OK	 
REQUEST		Sign out	1626941782845	1626941782850	KO	header(Location).find.is(/client/successful-logout), but actually found nothing
USER	LogInSimulation	END	1626941782853
