RUN	clients.LogInSimulation	loginsimulation	1626941535133	 	3.6.1
USER	LogInSimulation	START	1626941535901
REQUEST		Get start page	1626941535922	1626941535937	OK	 
REQUEST		favicon.ico	1626941536007	1626941536013	OK	 
REQUEST		hmrc-frontend-1.33.1.min.css	1626941536008	1626941536021	OK	 
REQUEST		hmrc-frontend-1.33.1.min.js	1626941536009	1626941536041	OK	 
REQUEST		Get login page	1626941536042	1626941536047	OK	 
REQUEST		hmrc-frontend-1.33.1.min.js	1626941536054	1626941536057	OK	 
REQUEST		favicon.ico	1626941536052	1626941536058	OK	 
REQUEST		hmrc-frontend-1.33.1.min.css	1626941536053	1626941536059	OK	 
REQUEST		Submit login details	1626941536063	1626941536089	OK	 
REQUEST		Submit agent	1626941536091	1626941536121	OK	 
REQUEST		favicon.ico	1626941536125	1626941536129	OK	 
REQUEST		hmrc-frontend-1.33.1.min.js	1626941536126	1626941536130	OK	 
REQUEST		hmrc-frontend-1.33.1.min.css	1626941536125	1626941536139	OK	 
REQUEST		Remove agent	1626941536139	1626941536160	OK	 
REQUEST		favicon.ico	1626941536163	1626941536176	OK	 
REQUEST		hmrc-frontend-1.33.1.min.css	1626941536164	1626941536177	OK	 
REQUEST		hmrc-frontend-1.33.1.min.js	1626941536164	1626941536189	OK	 
USER	LogInSimulation	END	1626941536191
