RUN	clients.LogInSimulation	loginsimulation	1626941420871	 	3.6.1
USER	LogInSimulation	START	1626941421864
REQUEST		Get start page	1626941421885	1626941421904	OK	 
REQUEST		favicon.ico	1626941421982	1626941421992	OK	 
REQUEST		hmrc-frontend-1.33.1.min.css	1626941421983	1626941422001	OK	 
REQUEST		hmrc-frontend-1.33.1.min.js	1626941421983	1626941422022	OK	 
REQUEST		Get login page	1626941422023	1626941422028	OK	 
REQUEST		favicon.ico	1626941422034	1626941422038	OK	 
REQUEST		hmrc-frontend-1.33.1.min.css	1626941422034	1626941422040	OK	 
REQUEST		hmrc-frontend-1.33.1.min.js	1626941422036	1626941422041	OK	 
REQUEST		Submit login details	1626941422045	1626941422069	OK	 
REQUEST		Submit agent	1626941422072	1626941422108	OK	 
REQUEST		hmrc-frontend-1.33.1.min.css	1626941422112	1626941422117	OK	 
REQUEST		hmrc-frontend-1.33.1.min.js	1626941422113	1626941422118	OK	 
REQUEST		favicon.ico	1626941422112	1626941422119	OK	 
REQUEST		Remove agent	1626941422120	1626941422142	OK	 
REQUEST		hmrc-frontend-1.33.1.min.css	1626941422148	1626941422151	OK	 
REQUEST		favicon.ico	1626941422147	1626941422152	OK	 
REQUEST		hmrc-frontend-1.33.1.min.js	1626941422148	1626941422153	OK	 
USER	LogInSimulation	END	1626941422156
